转换错误日志
==================================================
第232行 - 无法生成3D结构: OC(=O)COCC(=O)NC[C@H]1C[C@@H]2CC[N@]1C[C@@H]2C=C
第244行 - 无法生成3D结构: CN(C)CCN(C)C[C@H]1C[N@@]2CC[C@H]1C[C@@H]2CNC(=O)C3=CC=C(C=C3)N(C)C
第253行 - 无法生成3D结构: C=C[C@H]1C[N@@]2CC[C@H]1C[C@@H]2CNC(=O)NC3=CC(=CC=C3)C#N
第262行 - 无法生成3D结构: CN(C[C@H]1C[N@@]2CC[C@H]1C[C@@H]2CNC(=O)C3=CC=C(C=C3)C(F)(F)F)CC4=CC=CC=C4
第265行 - 无法生成3D结构: CC[C@H]1C[N@@]2CC[C@H]1C[C@@H]2CN[S+]([O-])(=O)C3=CC=C(OC)C=C3
第276行 - 无法生成3D结构: CC[C@H]1C[N@@]2CC[C@H]1C[C@@H]2CNC(=O)C3=CC=CO3
第290行 - 无法生成3D结构: CC[C@H]1C[N@@]2CC[C@H]1C[C@@H]2CNC(=O)NC3=CC=CC=C3
第291行 - 无法生成3D结构: O=C(NC[C@H]1C[C@@H]2CC[N@]1C[C@@H]2C#C)C3=CC=C4OCOC4=C3
第313行 - 无法生成3D结构: CN(CCC1=NC=CC=C1)C[C@H]2C[N@@]3CC[C@H]2C[C@@H]3CN[S+]([O-])(=O)C4=CC=C(Cl)C=C4
第319行 - 无法生成3D结构: OC(=O)COCC(=O)NC[C@H]1C[C@@H]2CC[N@]1C[C@@H]2C#C
第328行 - 无法生成3D结构: CC(C)(C)C1=CC=C(NC(=O)NC[C@H]2C[C@@H]3CC[N@]2C[C@@H]3C=C)C=C1
第345行 - 无法生成3D结构: CSC1=CC=CC(=C1)NC(=O)NC[C@H]2C[C@@H]3CC[N@]2C[C@@H]3C=C
第354行 - 无法生成3D结构: CC[C@H]1C[N@@]2CC[C@H]1C[C@@H]2CNC(=O)C3=CC(=C(F)C=C3)Cl
第355行 - 无法生成3D结构: COC1=CC=CC=C1N2CCN(CC2)C[C@H]3C[N@@]4CC[C@H]3C[C@@H]4CNC(=O)NC5=CC(=CC=C5)C#N
第365行 - 无法生成3D结构: O=C(NC[C@H]1C[C@@H]2CC[N@]1C[C@@H]2CN3CCCCC3)NC4=CC(=CC=C4)C#N
第368行 - 无法生成3D结构: FC1=CC=C(C=C1)N2CCN(CC2)C[C@H]3C[N@@]4CC[C@H]3C[C@@H]4CNC(=O)C5=CC=CC=C5
第374行 - 无法生成3D结构: CC1CCN(CC1)C[C@H]2C[N@@]3CC[C@H]2C[C@@H]3CNC(=O)NC4=CC(=CC=C4)C#N
第378行 - 无法生成3D结构: CC(=O)C1=CC=C(NC(=O)NC[C@H]2C[C@@H]3CC[N@]2C[C@@H]3CN4CCOCC4)C=C1
第381行 - 无法生成3D结构: COC1=CC=CC=C1N2CCN(CC2)C[C@H]3C[N@@]4CC[C@H]3C[C@@H]4CNC(=O)NC5=CC(=CC=C5)SC
第813行 - 无法生成3D结构: O=C(NC[C@H]1C[C@@H]2CC[N@]1C[C@@H]2CN3CCN(CC3)C4=NC=CC=C4)NC5=CC=CC=C5
第816行 - 无法生成3D结构: CN(CC#C)C[C@H]1C[N@@]2CC[C@H]1C[C@@H]2CN[S+]([O-])(=O)C3=CC=CS3
第826行 - 无法生成3D结构: COC1=CC=C(C=C1)[S+]([O-])(=O)NC[C@H]2C[C@@H]3CC[N@]2C[C@@H]3C=C
第832行 - 无法生成3D结构: CC(=O)C1=CC=C(NC(=O)NC[C@H]2C[C@@H]3CC[N@]2C[C@@H]3CN4CCN(CC4)C5=NC=CC=N5)C=C1
第835行 - 无法生成3D结构: CC1CCN(CC1)C[C@H]2C[N@@]3CC[C@H]2C[C@@H]3CNC(=O)C4=CC=C(C=C4)N(C)C
第839行 - 无法生成3D结构: COC1=CC(=CC(=C1)NC(=O)NC[C@H]2C[C@@H]3CC[N@]2C[C@@H]3C=C)OC
第845行 - 无法生成3D结构: O=C(NC[C@H]1C[C@@H]2CC[N@]1C[C@@H]2C#C)C3=CC=C(C=C3)C4=CC=CC=C4
第855行 - 无法生成3D结构: [O-][S+](=O)(NC[C@H]1C[C@@H]2CC[N@]1C[C@@H]2C=C)C3=CC=CC(=C3)C#N
第857行 - 无法生成3D结构: FC(F)(F)C1=CC=C(C=C1)C(=O)NC[C@H]2C[C@@H]3CC[N@]2C[C@@H]3CN4CCCCC4
第860行 - 无法生成3D结构: CN(C)CCN(C)C[C@H]1C[N@@]2CC[C@H]1C[C@@H]2CNC(=O)NC3=CSC=C3
第862行 - 无法生成3D结构: FC(F)(F)C1=CC=C(C=C1)C(=O)NC[C@H]2C[C@@H]3CC[N@]2C[C@@H]3CN4CCOCC4
第865行 - 无法生成3D结构: CN(C)C1=CC=C(C=C1)C(=O)NC[C@H]2C[C@@H]3CC[N@]2C[C@@H]3CN4CCCCC4
第878行 - 无法生成3D结构: COC1=CC=C(C=C1)[S+]([O-])(=O)NC[C@H]2C[C@@H]3CC[N@]2C[C@@H]3CN(C)CC4=CC=CC=C4
第895行 - 无法生成3D结构: CN(CC#C)C[C@H]1C[N@@]2CC[C@H]1C[C@@H]2CNC(=O)NC3=CC=C(C=C3)C(C)=O
第904行 - 无法生成3D结构: C=C[C@H]1C[N@@]2CC[C@H]1C[C@@H]2CNC(=O)C3=CC=CO3
第915行 - 无法生成3D结构: O=C(NC[C@H]1C[C@@H]2CC[N@]1C[C@@H]2CN3CCC(CC3)CC4=CC=CC=C4)NC5=CC=CC=C5
第925行 - 无法生成3D结构: CN(CC#C)C[C@H]1C[N@@]2CC[C@H]1C[C@@H]2CNC(=O)NC3=CSC=C3
第931行 - 无法生成3D结构: CC1CCN(CC1)C[C@H]2C[N@@]3CC[C@H]2C[C@@H]3CN[S+](C)([O-])=O
第943行 - 无法生成3D结构: CC[C@H]1C[N@@]2CC[C@H]1C[C@@H]2CN[S+]([O-])(=O)C3=CC=CS3
第945行 - 无法生成3D结构: CC(C)(C)C1=CC=C(NC(=O)OC[C@H]2C[C@@H]3CC[N@]2C[C@@H]3C#C)C=C1
第951行 - 无法生成3D结构: [O-][S+](=O)(NC[C@H]1C[C@@H]2CC[N@]1C[C@@H]2CN3CCCCC3)C4=CC=C(Cl)C=C4
