AutoDock Vina 23d1252-mod
#################################################################
# If you used AutoDock Vina in your work, please cite:          #
#                                                               #
# J. Eberhardt, D. Santos-Martins, A. F. Tillack, and S. Forli  #
# AutoDock Vina 1.2.0: New Docking Methods, Expanded Force      #
# Field, and Python Bindings, J. Chem. Inf. Model. (2021)       #
# DOI 10.1021/acs.jcim.1c00203                                  #
#                                                               #
# O. Trott, A. J. Olson,                                        #
# AutoDock Vina: improving the speed and accuracy of docking    #
# with a new scoring function, efficient optimization and       #
# multithreading, J. Comp. Chem. (2010)                         #
# DOI 10.1002/jcc.21334                                         #
#                                                               #
# Please see https://github.com/ccsb-scripps/AutoDock-Vina for  #
# more information.                                             #
#################################################################

Scoring function : vina
Rigid receptor: /home/cxt/Dock/thousand-dock/5O3L.pdbqt
Ligand: /home/cxt/Dock/thousand-dock/prepared/MOL_0859.pdbqt
Grid center: X 180.156 Y 140.651 Z 145.891
Grid size  : X 61.95 Y 61.95 Z 61.95
Grid space : 0.375
Exhaustiveness: 4
CPU: 0
Verbosity: 1

Computing Vina grid ... done.
Performing docking (random seed: -73982160) ... 
0%   10   20   30   40   50   60   70   80   90   100%
|----|----|----|----|----|----|----|----|----|----|
***************************************************

mode |   affinity | dist from best mode
     | (kcal/mol) | rmsd l.b.| rmsd u.b.
-----+------------+----------+----------
   1        -7.91          0          0
   2       -7.633      62.29      64.17
   3       -7.482      62.21      64.75
   4       -7.401      1.752      2.143
   5       -7.361       2.42      3.392

--- STDERR ---
WARNING: Search space volume is greater than 27000 Angstrom^3 (See FAQ)
WARNING: At low exhaustiveness, it may be impossible to utilize all CPUs.
