AutoDock Vina v1.2.5
#################################################################
# If you used AutoDock Vina in your work, please cite:          #
#                                                               #
# J. Eberhardt, D. Santos-Martins, A. F. Tillack, and S. Forli  #
# AutoDock Vina 1.2.0: New Docking Methods, Expanded Force      #
# Field, and Python Bindings, J. Chem. Inf. Model. (2021)       #
# DOI 10.1021/acs.jcim.1c00203                                  #
#                                                               #
# O. Trott, A. J. Olson,                                        #
# AutoDock Vina: improving the speed and accuracy of docking    #
# with a new scoring function, efficient optimization and       #
# multithreading, J. Comp. Chem. (2010)                         #
# DOI 10.1002/jcc.21334                                         #
#                                                               #
# Please see https://github.com/ccsb-scripps/AutoDock-Vina for  #
# more information.                                             #
#################################################################

Scoring function : vina
Rigid receptor: /workspace/thousand-dock/5O3L.pdbqt
Ligand: /workspace/thousand-dock/from_quick/pdbqt/mol_%06d1.pdbqt
Grid center: X 180.156 Y 140.651 Z 145.891
Grid size  : X 61.95 Y 61.95 Z 61.95
Grid space : 0.375
Exhaustiveness: 4
CPU: 2
Verbosity: 1

Computing Vina grid ... done.
Performing docking (random seed: 1878224150) ... 
0%   10   20   30   40   50   60   70   80   90   100%
|----|----|----|----|----|----|----|----|----|----|
***************************************************

mode |   affinity | dist from best mode
     | (kcal/mol) | rmsd l.b.| rmsd u.b.
-----+------------+----------+----------
   1        -7.99          0          0
   2       -7.901      62.38      64.05
   3       -7.896       2.57      8.586
   4       -7.492      4.073      9.383
   5       -7.441      62.14      63.21

--- STDERR ---
WARNING: Search space volume is greater than 27000 Angstrom^3 (See FAQ)
